<?xml version="1.0" encoding="UTF-8"?>
<!-- Generated by org.testng.reporters.JUnitReportReporter -->
<testsuite hostname="DESKTOP-8IO9O82" failures="0" tests="2" name="testcases_sep29.LoginTestcases" time="89.551" errors="0" timestamp="2021-09-30T09:42:24 IST" skipped="0">
  <testcase classname="testcases_sep29.LoginTestcases" name="loginTest002" time="39.625"/>
  <system-out/>
  <testcase classname="testcases_sep29.LoginTestcases" name="loginTest001" time="49.926"/>
  <system-out/>
</testsuite> <!-- testcases_sep29.LoginTestcases -->
