<?xml version="1.0" encoding="UTF-8"?>
<!-- Generated by org.testng.reporters.JUnitReportReporter -->
<testsuite hostname="DESKTOP-8IO9O82" failures="0" tests="1" name="oct2_ExtentReporting.CreateAccount" time="15.081" errors="0" timestamp="2021-10-02T10:08:02 IST" skipped="0">
  <testcase classname="oct2_ExtentReporting.CreateAccount" name="CreateAccountTest001" time="15.081"/>
  <system-out/>
</testsuite> <!-- oct2_ExtentReporting.CreateAccount -->
