<?xml version="1.0" encoding="UTF-8"?>
<!-- Generated by org.testng.reporters.JUnitReportReporter -->
<testsuite hostname="DESKTOP-8IO9O82" failures="0" tests="4" name="sep22_TestNG.Emp" time="0.014" errors="0" timestamp="2021-09-22T09:26:54 IST" skipped="0">
  <testcase classname="sep22_TestNG.Emp" name="empInfo" time="0.008"/>
  <system-out/>
  <testcase classname="sep22_TestNG.Emp" name="empInfo" time="0.002"/>
  <system-out/>
  <testcase classname="sep22_TestNG.Emp" name="empInfo2" time="0.001"/>
  <system-out/>
  <testcase classname="sep22_TestNG.Emp" name="empInfo2" time="0.003"/>
  <system-out/>
</testsuite> <!-- sep22_TestNG.Emp -->
