<?xml version="1.0" encoding="UTF-8"?>
<!-- Generated by org.testng.reporters.JUnitReportReporter -->
<testsuite hostname="DESKTOP-8IO9O82" failures="0" tests="3" name="sep23_TestNG.TestcasesEx2" time="19.659" errors="0" timestamp="2021-09-24T09:38:54 IST" skipped="0">
  <testcase classname="sep23_TestNG.TestcasesEx2" name="testcase003" time="7.871"/>
  <system-out/>
  <testcase classname="sep23_TestNG.TestcasesEx2" name="testcase002" time="3.840"/>
  <system-out/>
  <testcase classname="sep23_TestNG.TestcasesEx2" name="testcase001" time="7.948"/>
  <system-out/>
</testsuite> <!-- sep23_TestNG.TestcasesEx2 -->
