<?xml version="1.0" encoding="UTF-8"?>
<!-- Generated by org.testng.reporters.JUnitReportReporter -->
<testsuite hostname="DESKTOP-8IO9O82" failures="0" tests="2" name="sep21_TestNG.Emp" time="0.009" errors="0" timestamp="2021-09-21T10:15:25 IST" skipped="0">
  <testcase classname="sep21_TestNG.Emp" name="empInfo" time="0.007"/>
  <system-out/>
  <testcase classname="sep21_TestNG.Emp" name="empInfo2" time="0.002"/>
  <system-out/>
</testsuite> <!-- sep21_TestNG.Emp -->
