<?xml version="1.0" encoding="UTF-8"?>
<!-- Generated by org.testng.reporters.JUnitReportReporter -->
<testsuite hostname="DESKTOP-8IO9O82" failures="0" tests="1" name="oct1_log4j.LogfileImpl" time="10.556" errors="0" timestamp="2021-10-02T09:00:44 IST" skipped="0">
  <testcase classname="oct1_log4j.LogfileImpl" name="Print" time="10.556"/>
  <system-out/>
</testsuite> <!-- oct1_log4j.LogfileImpl -->
