<?xml version="1.0" encoding="UTF-8"?>
<!-- Generated by org.testng.reporters.JUnitReportReporter -->
<testsuite hostname="DESKTOP-8IO9O82" failures="0" tests="4" name="sep22_TestNG.School_Priority" time="0.014" errors="0" timestamp="2021-09-22T09:43:21 IST" skipped="0">
  <testcase classname="sep22_TestNG.School_Priority" name="Student2" time="0.007"/>
  <system-out/>
  <testcase classname="sep22_TestNG.School_Priority" name="Student1" time="0.003"/>
  <system-out/>
  <testcase classname="sep22_TestNG.School_Priority" name="Student4" time="0.002"/>
  <system-out/>
  <testcase classname="sep22_TestNG.School_Priority" name="Student3" time="0.002"/>
  <system-out/>
</testsuite> <!-- sep22_TestNG.School_Priority -->
