<?xml version="1.0" encoding="UTF-8"?>
<!-- Generated by org.testng.reporters.JUnitReportReporter -->
<testsuite hostname="DESKTOP-8IO9O82" failures="0" tests="4" name="sep22_TestNG.School" time="0.011" errors="0" timestamp="2021-09-22T09:36:17 IST" skipped="1">
  <testcase classname="sep22_TestNG.School" name="Student3" time="0.003"/>
  <system-out/>
  <testcase classname="sep22_TestNG.School" name="Student4" time="0.001"/>
  <system-out/>
  <testcase classname="sep22_TestNG.School" name="Student" time="0.007"/>
  <system-out/>
  <testcase classname="sep22_TestNG.School" name="Student2">
    <skipped/>
  </testcase> <!-- Student2 -->
  <system-out/>
</testsuite> <!-- sep22_TestNG.School -->
