<?xml version="1.0" encoding="UTF-8"?>
<!-- Generated by org.testng.reporters.JUnitReportReporter -->
<testsuite hostname="DESKTOP-8IO9O82" failures="0" tests="1" name="testcases_sep29.CreateAccount" time="41.294" errors="0" timestamp="2021-10-01T09:48:40 IST" skipped="0">
  <testcase classname="testcases_sep29.CreateAccount" name="CreateAccountTest001" time="41.294"/>
  <system-out/>
</testsuite> <!-- testcases_sep29.CreateAccount -->
