<?xml version="1.0" encoding="UTF-8"?>
<!-- Generated by org.testng.reporters.JUnitReportReporter -->
<testsuite hostname="DESKTOP-8IO9O82" failures="0" tests="3" name="sep24_TestNG_excel.Testcases" time="29.917" errors="0" timestamp="2021-09-24T10:11:16 IST" skipped="0">
  <testcase classname="sep24_TestNG_excel.Testcases" name="testcase002" time="11.674"/>
  <system-out/>
  <testcase classname="sep24_TestNG_excel.Testcases" name="testcase003" time="8.873"/>
  <system-out/>
  <testcase classname="sep24_TestNG_excel.Testcases" name="testcase001" time="9.370"/>
  <system-out/>
</testsuite> <!-- sep24_TestNG_excel.Testcases -->
