<?xml version="1.0" encoding="UTF-8"?>
<!-- Generated by org.testng.reporters.JUnitReportReporter -->
<testsuite hostname="DESKTOP-8IO9O82" failures="0" tests="1" name="oct2_ExtentReporting.TestReporting" time="9.491" errors="0" timestamp="2021-10-02T09:26:09 IST" skipped="0">
  <testcase classname="oct2_ExtentReporting.TestReporting" name="f" time="9.491"/>
  <system-out/>
</testsuite> <!-- oct2_ExtentReporting.TestReporting -->
