<?xml version="1.0" encoding="UTF-8"?>
<!-- Generated by org.testng.reporters.JUnitReportReporter -->
<testsuite hostname="DESKTOP-8IO9O82" failures="0" tests="2" name="oct2_ExtentReporting.LoginTestcases" time="25.109" errors="0" timestamp="2021-10-02T10:08:02 IST" skipped="0">
  <testcase classname="oct2_ExtentReporting.LoginTestcases" name="loginTest002" time="9.916"/>
  <system-out/>
  <testcase classname="oct2_ExtentReporting.LoginTestcases" name="loginTest001" time="15.193"/>
  <system-out/>
</testsuite> <!-- oct2_ExtentReporting.LoginTestcases -->
